#
# An unexpected error has occurred (11)
#
Stack:
/data/tools/xilinx/Vivado/2020.1/tps/lnx64/jre9.0.4/lib//server/libjvm.so(+0xb6aadb) [0x7f9ab68d8adb]
/data/tools/xilinx/Vivado/2020.1/tps/lnx64/jre9.0.4/lib//server/libjvm.so(JVM_handle_linux_signal+0xbb) [0x7f9ab68dde1b]
/data/tools/xilinx/Vivado/2020.1/tps/lnx64/jre9.0.4/lib//server/libjvm.so(+0xb647b8) [0x7f9ab68d27b8]
/lib/x86_64-linux-gnu/libc.so.6(+0x3f040) [0x7f9b07e4f040]
/data/tools/xilinx/Vivado/2020.1/lib/lnx64.o/librdi_simbridge_kernel.so(SimBridge::CArray::empty() const+0) [0x7f9abd2c4a00]
/data/tools/xilinx/Vivado/2020.1/lib/lnx64.o/librdi_simbridge_kernel.so(SimBridge::WdbEventBlock::addBlock(SimBridge::WdbIBlockManager&, unsigned int&) const+0x1c) [0x7f9abd2c50dc]
/data/tools/xilinx/Vivado/2020.1/lib/lnx64.o/librdi_simbridge_kernel.so(SimBridge::WdbMultipleBucketEventDatabase::getEventBlockDatabaseIterator(std::vector<SimBridge::WdbScalarBTree*, std::allocator<SimBridge::WdbScalarBTree*> > const&, std::vector<boost::shared_ptr<SimBridge::WdbIEventBlockIterator>, std::allocator<boost::shared_ptr<SimBridge::WdbIEventBlockIterator> > >&, std::vector<std::vector<SimBridge::WdbScalarBTree*, std::allocator<SimBridge::WdbScalarBTree*> >, std::allocator<std::vector<SimBridge::WdbScalarBTree*, std::allocator<SimBridge::WdbScalarBTree*> > > >&) const+0x691) [0x7f9abd2df071]
/data/tools/xilinx/Vivado/2020.1/lib/lnx64.o/librdi_simbridge_kernel.so(SimBridge::WdbAddressBTreeManager::scanWdbDatabaseMultiThread(std::vector<SimBridge::WdbScalarBTree*, std::allocator<SimBridge::WdbScalarBTree*> > const&, ISIM::IGuiStatus*)+0xf0) [0x7f9abd2bbee0]
/data/tools/xilinx/Vivado/2020.1/lib/lnx64.o/librdi_wavedata.so(SimBridge::DataObjMgr::createDrawingBTree(std::vector<SimBridge::IDataObj const*, std::allocator<SimBridge::IDataObj const*> > const&, ISIM::IGuiStatus*, bool)+0x32a) [0x7f9ac6f9b83a]
/data/tools/xilinx/Vivado/2020.1/lib/lnx64.o/librdi_wavedata.so(+0x2d9ee2) [0x7f9ac7055ee2]
/data/tools/xilinx/Vivado/2020.1/lib/lnx64.o/librdi_wavedata.so(+0x2da18c) [0x7f9ac705618c]
/data/tools/xilinx/Vivado/2020.1/lib/lnx64.o/librdi_wavedata.so(SG_Model::ModelImp::updateData(SG_Model::WVDataObject*, bool)+0x30f) [0x7f9ac705013f]
/data/tools/xilinx/Vivado/2020.1/lib/lnx64.o/librdi_wavedata.so(SG_Model::ModelImp::updateData(SG_Model::WVDataObject*, bool)+0x18f) [0x7f9ac704ffbf]
/data/tools/xilinx/Vivado/2020.1/lib/lnx64.o/librdi_wavedata.so(SG_Model::ModelImp::updateData()+0x96b) [0x7f9ac7050e2b]
/data/tools/xilinx/Vivado/2020.1/lib/lnx64.o/librdi_wavedata.so(SG_Model::Model::read(std::__cxx11::basic_string<char, std::char_traits<char>, std::allocator<char> > const&, SG_Model::IReporter&, ISIM::IGuiStatus*)+0x20d) [0x7f9ac70525bd]
/data/tools/xilinx/Vivado/2020.1/lib/lnx64.o/librdi_wavedata.so(WVDAppInterface::WVDWindowManager::openWcfg(std::__cxx11::basic_string<char, std::char_traits<char>, std::allocator<char> > const&, SG_Model::IDesignManager::ConnectMode, ISIM::IGuiStatus*)+0x143) [0x7f9ac6f1f0b3]
/data/tools/xilinx/Vivado/2020.1/lib/lnx64.o/librdi_wavedatatasks.so(+0xa2ad3) [0x7f9a7c1faad3]
/data/tools/xilinx/Vivado/2020.1/lib/lnx64.o/librdi_common.so(+0x9627f2) [0x7f9b093197f2]
/data/tools/xilinx/Vivado/2020.1/lib/lnx64.o/libtcl8.5.so(+0x334af) [0x7f9b031804af]
/data/tools/xilinx/Vivado/2020.1/lib/lnx64.o/libtcl8.5.so(Tcl_EvalObjv+0x32) [0x7f9b031805e2]
/data/tools/xilinx/Vivado/2020.1/lib/lnx64.o/libtcl8.5.so(TclEvalObjEx+0x322) [0x7f9b03182402]
/data/tools/xilinx/Vivado/2020.1/lib/lnx64.o/librdi_common.so(hdi::tcltasks::task_manager::eval_in_tcl(Tcl_Interp*, Tcl_Obj*, char const*, bool)+0xa99) [0x7f9b0931b609]
/data/tools/xilinx/Vivado/2020.1/lib/lnx64.o/librdi_simtcltasks.so(+0x13b046) [0x7f9a7a224046]
/data/tools/xilinx/Vivado/2020.1/lib/lnx64.o/librdi_common.so(+0x9627f2) [0x7f9b093197f2]
/data/tools/xilinx/Vivado/2020.1/lib/lnx64.o/libtcl8.5.so(+0x334af) [0x7f9b031804af]
/data/tools/xilinx/Vivado/2020.1/lib/lnx64.o/libtcl8.5.so(+0x34b38) [0x7f9b03181b38]
/data/tools/xilinx/Vivado/2020.1/lib/lnx64.o/libtcl8.5.so(Tcl_EvalEx+0x13) [0x7f9b031820a3]
/data/tools/xilinx/Vivado/2020.1/lib/lnx64.o/libtcl8.5.so(TclEvalObjEx+0x1e0) [0x7f9b031822c0]
/data/tools/xilinx/Vivado/2020.1/lib/lnx64.o/libtcl8.5.so(+0x3b375) [0x7f9b03188375]
/data/tools/xilinx/Vivado/2020.1/lib/lnx64.o/libtcl8.5.so(+0x334af) [0x7f9b031804af]
/data/tools/xilinx/Vivado/2020.1/lib/lnx64.o/libtcl8.5.so(+0x76875) [0x7f9b031c3875]
/data/tools/xilinx/Vivado/2020.1/lib/lnx64.o/libtcl8.5.so(+0x7e029) [0x7f9b031cb029]
/data/tools/xilinx/Vivado/2020.1/lib/lnx64.o/libtcl8.5.so(TclEvalObjEx+0x76) [0x7f9b03182156]
/data/tools/xilinx/Vivado/2020.1/lib/lnx64.o/librdi_commontasks.so(+0x1db7c4) [0x7f9afd3fb7c4]
/data/tools/xilinx/Vivado/2020.1/lib/lnx64.o/libtcl8.5.so(+0x334af) [0x7f9b031804af]
/data/tools/xilinx/Vivado/2020.1/lib/lnx64.o/libtcl8.5.so(+0x76875) [0x7f9b031c3875]
/data/tools/xilinx/Vivado/2020.1/lib/lnx64.o/libtcl8.5.so(TclObjInterpProcCore+0x420) [0x7f9b03204df0]
/data/tools/xilinx/Vivado/2020.1/lib/lnx64.o/libtcl8.5.so(+0x334af) [0x7f9b031804af]
/data/tools/xilinx/Vivado/2020.1/lib/lnx64.o/libtcl8.5.so(Tcl_EvalObjv+0x32) [0x7f9b031805e2]
/data/tools/xilinx/Vivado/2020.1/lib/lnx64.o/libtcl8.5.so(TclEvalObjEx+0x322) [0x7f9b03182402]
/data/tools/xilinx/Vivado/2020.1/lib/lnx64.o/librdi_tcltasks.so(SimUtils::detail::execStep(Tcl_Interp*, std::__cxx11::basic_ostringstream<char, std::char_traits<char>, std::allocator<char> >&, std::__cxx11::basic_string<char, std::char_traits<char>, std::allocator<char> > const&, std::__cxx11::basic_string<char, std::char_traits<char>, std::allocator<char> > const&, std::__cxx11::basic_string<char, std::char_traits<char>, std::allocator<char> >&, bool&)+0x1fe) [0x7f9afa612f6e]
/data/tools/xilinx/Vivado/2020.1/lib/lnx64.o/librdi_tcltasks.so(SimUtils::detail::execSimStep(Tcl_Interp*, std::__cxx11::basic_ostringstream<char, std::char_traits<char>, std::allocator<char> >&, HAPUFSimulator*, HAPUFSimulator::TclProc, std::__cxx11::basic_string<char, std::char_traits<char>, std::allocator<char> > const&, bool, HADAFileSet*, std::__cxx11::basic_string<char, std::char_traits<char>, std::allocator<char> > const&, HAPUFSimulator::SimulationStep, bool, HDGUIStatus*)+0x75) [0x7f9afa613285]
/data/tools/xilinx/Vivado/2020.1/lib/lnx64.o/librdi_tcltasks.so(HTCSimUtils::executeStep(Tcl_Interp*, HADAFileSet*, HADAFileSet*, HAPUFSimulator*, HDGUIStatus*, std::__cxx11::basic_string<char, std::char_traits<char>, std::allocator<char> > const&, std::__cxx11::basic_string<char, std::char_traits<char>, std::allocator<char> > const&, std::__cxx11::basic_string<char, std::char_traits<char>, std::allocator<char> > const&, bool, bool, bool, std::__cxx11::basic_ostringstream<char, std::char_traits<char>, std::allocator<char> >&)+0x4b7) [0x7f9afa6138e7]
/data/tools/xilinx/Vivado/2020.1/lib/lnx64.o/librdi_tcltasks.so(+0x1811563) [0x7f9afa5bb563]
/data/tools/xilinx/Vivado/2020.1/lib/lnx64.o/librdi_common.so(+0x9627f2) [0x7f9b093197f2]
/data/tools/xilinx/Vivado/2020.1/lib/lnx64.o/libtcl8.5.so(+0x334af) [0x7f9b031804af]
/data/tools/xilinx/Vivado/2020.1/lib/lnx64.o/libtcl8.5.so(+0x76875) [0x7f9b031c3875]
/data/tools/xilinx/Vivado/2020.1/lib/lnx64.o/libtcl8.5.so(+0x7e029) [0x7f9b031cb029]
/data/tools/xilinx/Vivado/2020.1/lib/lnx64.o/libtcl8.5.so(TclEvalObjEx+0x76) [0x7f9b03182156]
/data/tools/xilinx/Vivado/2020.1/lib/lnx64.o/librdi_common.so(+0x960d01) [0x7f9b09317d01]
/data/tools/xilinx/Vivado/2020.1/lib/lnx64.o/libtcl8.5.so(Tcl_ServiceEvent+0x7f) [0x7f9b031f4b0f]
/data/tools/xilinx/Vivado/2020.1/lib/lnx64.o/libtcl8.5.so(Tcl_DoOneEvent+0x154) [0x7f9b031f4e44]
/data/tools/xilinx/Vivado/2020.1/lib/lnx64.o/librdi_commontasks.so(+0x23c7e5) [0x7f9afd45c7e5]
/data/tools/xilinx/Vivado/2020.1/lib/lnx64.o/librdi_commontasks.so(+0x23f8f1) [0x7f9afd45f8f1]
/data/tools/xilinx/Vivado/2020.1/lib/lnx64.o/librdi_commontasks.so(+0x24093e) [0x7f9afd46093e]
/data/tools/xilinx/Vivado/2020.1/lib/lnx64.o/librdi_common.so(+0x9627f2) [0x7f9b093197f2]
/data/tools/xilinx/Vivado/2020.1/lib/lnx64.o/libtcl8.5.so(+0x334af) [0x7f9b031804af]
/data/tools/xilinx/Vivado/2020.1/lib/lnx64.o/libtcl8.5.so(+0x76875) [0x7f9b031c3875]
/data/tools/xilinx/Vivado/2020.1/lib/lnx64.o/libtcl8.5.so(+0x7e029) [0x7f9b031cb029]
/data/tools/xilinx/Vivado/2020.1/lib/lnx64.o/libtcl8.5.so(TclEvalObjEx+0x76) [0x7f9b03182156]
/data/tools/xilinx/Vivado/2020.1/lib/lnx64.o/librdi_commonmain.so(+0xad53) [0x7f9b087afd53]
/data/tools/xilinx/Vivado/2020.1/lib/lnx64.o/libtcl8.5.so(Tcl_Main+0x1d0) [0x7f9b031ed210]
/data/tools/xilinx/Vivado/2020.1/lib/lnx64.o/librdi_common.so(+0x9a6e6b) [0x7f9b0935de6b]
/lib/x86_64-linux-gnu/libpthread.so.0(+0x76db) [0x7f9b07bf86db]
/lib/x86_64-linux-gnu/libc.so.6(clone+0x3f) [0x7f9b07f3171f]
