INFO: [VRFC 10-2263] Analyzing Verilog file "/home/zmhuang/workspace/C-_Load_Files/vivado_load_file_module/Load_file/Load_file.sim/sim_1/synth/timing/xsim/testbench_time_synth.v" into library xil_defaultlib
INFO: [VRFC 10-311] analyzing module IBUF_UNIQ_BASE_
INFO: [VRFC 10-311] analyzing module IBUF_HD149
INFO: [VRFC 10-311] analyzing module IBUF_HD150
INFO: [VRFC 10-311] analyzing module IBUF_HD151
INFO: [VRFC 10-311] analyzing module IBUF_HD152
INFO: [VRFC 10-311] analyzing module IBUF_HD153
INFO: [VRFC 10-311] analyzing module IBUF_HD154
INFO: [VRFC 10-311] analyzing module IBUF_HD155
INFO: [VRFC 10-311] analyzing module IBUF_HD156
INFO: [VRFC 10-311] analyzing module IBUF_HD157
INFO: [VRFC 10-311] analyzing module IBUF_HD158
INFO: [VRFC 10-311] analyzing module IBUF_HD159
INFO: [VRFC 10-311] analyzing module IBUF_HD160
INFO: [VRFC 10-311] analyzing module IBUF_HD161
INFO: [VRFC 10-311] analyzing module IBUF_HD162
INFO: [VRFC 10-311] analyzing module IBUF_HD163
INFO: [VRFC 10-311] analyzing module IBUF_HD164
INFO: [VRFC 10-311] analyzing module IBUF_HD165
INFO: [VRFC 10-311] analyzing module IBUF_HD166
INFO: [VRFC 10-311] analyzing module IBUF_HD167
INFO: [VRFC 10-311] analyzing module IBUF_HD168
INFO: [VRFC 10-311] analyzing module IBUF_HD169
INFO: [VRFC 10-311] analyzing module IBUF_HD170
INFO: [VRFC 10-311] analyzing module IBUF_HD171
INFO: [VRFC 10-311] analyzing module IBUF_HD172
INFO: [VRFC 10-311] analyzing module IBUF_HD173
INFO: [VRFC 10-311] analyzing module IBUF_HD174
INFO: [VRFC 10-311] analyzing module IBUF_HD175
INFO: [VRFC 10-311] analyzing module IBUF_HD176
INFO: [VRFC 10-311] analyzing module IBUF_HD177
INFO: [VRFC 10-311] analyzing module IBUF_HD178
INFO: [VRFC 10-311] analyzing module IBUF_HD179
INFO: [VRFC 10-311] analyzing module IBUF_HD180
INFO: [VRFC 10-311] analyzing module IBUF_HD181
INFO: [VRFC 10-311] analyzing module IBUF_HD182
INFO: [VRFC 10-311] analyzing module IBUF_HD183
INFO: [VRFC 10-311] analyzing module IBUF_HD184
INFO: [VRFC 10-311] analyzing module IBUF_HD185
INFO: [VRFC 10-311] analyzing module IBUF_HD186
INFO: [VRFC 10-311] analyzing module IBUF_HD187
INFO: [VRFC 10-311] analyzing module IBUF_HD188
INFO: [VRFC 10-311] analyzing module IBUF_HD189
INFO: [VRFC 10-311] analyzing module IBUF_HD190
INFO: [VRFC 10-311] analyzing module IBUF_HD191
INFO: [VRFC 10-311] analyzing module IBUF_HD192
INFO: [VRFC 10-311] analyzing module IBUF_HD193
INFO: [VRFC 10-311] analyzing module IBUF_HD194
INFO: [VRFC 10-311] analyzing module IBUF_HD195
INFO: [VRFC 10-311] analyzing module IBUF_HD196
INFO: [VRFC 10-311] analyzing module IBUF_HD197
INFO: [VRFC 10-311] analyzing module IBUF_HD198
INFO: [VRFC 10-311] analyzing module IBUF_HD199
INFO: [VRFC 10-311] analyzing module IBUF_HD200
INFO: [VRFC 10-311] analyzing module IBUF_HD201
INFO: [VRFC 10-311] analyzing module IBUF_HD202
INFO: [VRFC 10-311] analyzing module IBUF_HD203
INFO: [VRFC 10-311] analyzing module IBUF_HD204
INFO: [VRFC 10-311] analyzing module IBUF_HD205
INFO: [VRFC 10-311] analyzing module IBUF_HD206
INFO: [VRFC 10-311] analyzing module IBUF_HD207
INFO: [VRFC 10-311] analyzing module IBUF_HD208
INFO: [VRFC 10-311] analyzing module IBUF_HD209
INFO: [VRFC 10-311] analyzing module IBUF_HD210
INFO: [VRFC 10-311] analyzing module IBUF_HD211
INFO: [VRFC 10-311] analyzing module IBUF_HD212
INFO: [VRFC 10-311] analyzing module IBUF_HD213
INFO: [VRFC 10-311] analyzing module IBUF_HD214
INFO: [VRFC 10-311] analyzing module IBUF_HD215
INFO: [VRFC 10-311] analyzing module IBUF_HD216
INFO: [VRFC 10-311] analyzing module IBUF_HD217
INFO: [VRFC 10-311] analyzing module IBUF_HD218
INFO: [VRFC 10-311] analyzing module IBUF_HD219
INFO: [VRFC 10-311] analyzing module IBUF_HD220
INFO: [VRFC 10-311] analyzing module IBUF_HD221
INFO: [VRFC 10-311] analyzing module JTAG_init
INFO: [VRFC 10-311] analyzing module Loading_file_controller
INFO: [VRFC 10-311] analyzing module SPI_load_file
INFO: [VRFC 10-311] analyzing module uart
INFO: [VRFC 10-311] analyzing module glbl
INFO: [VRFC 10-2263] Analyzing Verilog file "/home/zmhuang/workspace/C-_Load_Files/vivado_load_file_module/Load_file/Load_file.srcs/sim_1/new/Load_t.v" into library xil_defaultlib
INFO: [VRFC 10-311] analyzing module testbench
